Writing raw outputs to: log/qps_raw_20260114_171831.log
epsilon=16384

[qps samples]
     1	3957.85
     2	5023.13
     3	4891.22
     4	3713.18
     5	4301.82
     6	4333.8
     7	4578.1
     8	4810.35
     9	4978.71
    10	3581.85

[summary] strategy=all, threads=1, repeats=10
mean=4417.001000 stddev=528.343244


[qps samples]
     1	9753.91
     2	9868.7
     3	9548.47
     4	9830.92
     5	9978.58
     6	9742.46
     7	9847.99
     8	10068.9
     9	9809.17
    10	9606.34

[summary] strategy=all, threads=4, repeats=10
mean=9805.544000 stddev=155.692078


[qps samples]
     1	13037.4
     2	13363.1
     3	12985.4
     4	13266.4
     5	13019.7
     6	13232.5
     7	12998.5
     8	13062.2
     9	13012.7
    10	13348.1

[summary] strategy=all, threads=16, repeats=10
mean=13132.600000 stddev=152.112977


[qps samples]
     1	14559.5
     2	14478.9
     3	14625.9
     4	14460.4
     5	14359.8
     6	14327.4
     7	14267.6
     8	14958.1
     9	14347.8
    10	14582.1

[summary] strategy=all, threads=64, repeats=10
mean=14496.750000 stddev=201.250597


[qps samples]
     1	12631.9
     2	11164.8
     3	12761.8
     4	12196.9
     5	12340.7
     6	12068.6
     7	11904.7
     8	11226.1
     9	12392.5
    10	13342.1

[summary] strategy=all, threads=256, repeats=10
mean=12203.010000 stddev=665.658347


[qps samples]
     1	1388.06
     2	1331.19
     3	1323.13
     4	1404.93
     5	1384.33
     6	1409.48
     7	1406.56
     8	1415.55
     9	1421.97
    10	1356.86

[summary] strategy=one, threads=1, repeats=10
mean=1384.206000 stddev=35.402720


[qps samples]
     1	2049.3
     2	2035.13
     3	2080.62
     4	2043.65
     5	2068.12
     6	2056.45
     7	2016.32
     8	2049.92
     9	2042.68
    10	2063.75

[summary] strategy=one, threads=4, repeats=10
mean=2050.594000 stddev=18.082883


[qps samples]
     1	5550.56
     2	5514.82
     3	5504.27
     4	5450.76
     5	5512.08
     6	5507.85
     7	5484.67
     8	5488
     9	5515.22
    10	5432.47

[summary] strategy=one, threads=16, repeats=10
mean=5496.070000 stddev=34.063364


[qps samples]
     1	10394.5
     2	10157.8
     3	10568.6
     4	10492.1
     5	10600.9
     6	10458.4
     7	10160.5
     8	10597.1
     9	10274.2
    10	3893.69

[summary] strategy=one, threads=64, repeats=10
mean=9759.779000 stddev=2067.866470


[qps samples]
     1	10215.7
     2	9878.32
     3	10268.5
     4	10476.6
     5	10636.6
     6	10603.1
     7	10255.4
     8	10498.3
     9	10878.7
    10	10317.8

[summary] strategy=one, threads=256, repeats=10
mean=10402.902000 stddev=277.469489

