Writing raw outputs to: log/qps_raw_20260114_175645.log
epsilon=4

[qps samples]
     1	16966.2
     2	16635.1
     3	15710.9
     4	16726.8
     5	15678.2
     6	15709.9
     7	15447.2
     8	16603.3
     9	16601.7
    10	16570.9

[summary] strategy=all, threads=1, repeats=10
mean=16265.020000 stddev=556.935781


[qps samples]
     1	48425.9
     2	48091.6
     3	48099.8
     4	49034.6
     5	47466.6
     6	46463
     7	47434.9
     8	47428.6
     9	46992
    10	47959.4

[summary] strategy=all, threads=4, repeats=10
mean=47739.640000 stddev=738.067910


[qps samples]
     1	80305.4
     2	82415.5
     3	80633.7
     4	84275.1
     5	82095.8
     6	81365.3
     7	82606.3
     8	77653.2
     9	82230.2
    10	81970.3

[summary] strategy=all, threads=16, repeats=10
mean=81555.080000 stddev=1758.654563


[qps samples]
     1	32100.6
     2	57759.3
     3	48648.2
     4	40443.8
     5	36706.7
     6	35249.5
     7	34013.1
     8	43909.6
     9	41045.2
    10	44930

[summary] strategy=all, threads=64, repeats=10
mean=41480.600000 stddev=7751.689256


[qps samples]
     1	20283.2
     2	20179
     3	22126
     4	19831.1
     5	15856.1
     6	24739.4
     7	18761
     8	14000.5
     9	21114.2
    10	24648.3

[summary] strategy=all, threads=256, repeats=10
mean=20153.880000 stddev=3406.447013


[qps samples]
     1	15609.5
     2	16847.8
     3	16724.6
     4	15818.5
     5	17076.2
     6	16927.3
     7	15742.4
     8	17155.2
     9	17040
    10	17206.5

[summary] strategy=one, threads=1, repeats=10
mean=16614.800000 stddev=632.949961


[qps samples]
     1	47006.6
     2	48373.5
     3	48447.8
     4	48369.1
     5	49036.1
     6	47065.5
     7	48294.8
     8	47669.8
     9	47570.9
    10	47955.9

[summary] strategy=one, threads=4, repeats=10
mean=47979.000000 stddev=648.716649


[qps samples]
     1	79979.7
     2	81615.4
     3	82140.8
     4	79624.2
     5	80620.1
     6	75355.3
     7	83286
     8	77319.1
     9	83083.8
    10	80127.8

[summary] strategy=one, threads=16, repeats=10
mean=80315.220000 stddev=2490.191453


[qps samples]
     1	43345.5
     2	37570.6
     3	46191.1
     4	45979.8
     5	33742.5
     6	49493.2
     7	52582
     8	42368.3
     9	51700.1
    10	33931.4

[summary] strategy=one, threads=64, repeats=10
mean=43690.450000 stddev=6846.741619


[qps samples]
     1	21550.4
     2	16124.7
     3	19575.3
     4	17655.8
     5	21865.9
     6	20137.3
     7	18744.9
     8	18767.4
     9	15780.9
    10	24688.3

[summary] strategy=one, threads=256, repeats=10
mean=19489.090000 stddev=2725.660333

