Writing raw outputs to: log/qps_raw_20260114_171040.log
epsilon=1024

[qps samples]
     1	8028.17
     2	9958.78
     3	9160.39
     4	8601.51
     5	9333.34
     6	8367.28
     7	9658.64
     8	8089.66
     9	8470.16
    10	10002.8

[summary] strategy=all, threads=1, repeats=10
mean=8967.073000 stddev=752.603185


[qps samples]
     1	31746.6
     2	31898.3
     3	32542.5
     4	25769.2
     5	31779.8
     6	29797.1
     7	29815.3
     8	30815
     9	31409.4
    10	28845.4

[summary] strategy=all, threads=4, repeats=10
mean=30441.860000 stddev=2008.106676


[qps samples]
     1	53460.5
     2	52390.6
     3	52198.1
     4	53811
     5	55141.9
     6	53943.7
     7	52445.8
     8	53943.3
     9	54026.8
    10	53694.6

[summary] strategy=all, threads=16, repeats=10
mean=53505.630000 stddev=915.279039


[qps samples]
     1	33216
     2	33791.6
     3	45782.4
     4	35275.5
     5	44250
     6	45870
     7	31647.6
     8	39537.7
     9	42831.2
    10	32507.9

[summary] strategy=all, threads=64, repeats=10
mean=38470.990000 stddev=5807.927376


[qps samples]
     1	15914.2
     2	14712.4
     3	13987
     4	19351.5
     5	19668.4
     6	17639.8
     7	19209.4
     8	22854.2
     9	14456.4
    10	20177.8

[summary] strategy=all, threads=256, repeats=10
mean=17797.110000 stddev=2942.354981


[qps samples]
     1	6735.13
     2	6502.22
     3	6238.59
     4	6086.13
     5	6355.51
     6	5993.17
     7	6730.74
     8	6736.65
     9	6455.55
    10	6603.75

[summary] strategy=one, threads=1, repeats=10
mean=6443.744000 stddev=271.417120


[qps samples]
     1	22068.1
     2	21820.8
     3	21947.9
     4	22157.7
     5	21962.6
     6	22164.7
     7	22395.3
     8	21669.2
     9	21328.7
    10	22545.7

[summary] strategy=one, threads=4, repeats=10
mean=22006.070000 stddev=350.652291


[qps samples]
     1	51162.8
     2	49065
     3	48408.1
     4	49349.8
     5	49290.2
     6	49358.9
     7	48474.9
     8	48127.1
     9	51018.9
    10	48730.6

[summary] strategy=one, threads=16, repeats=10
mean=49298.630000 stddev=1036.129494


[qps samples]
     1	46871.9
     2	41451.9
     3	28896.3
     4	47316.7
     5	50167.9
     6	36827.1
     7	38489.9
     8	47681.2
     9	43413.4
    10	41065.5

[summary] strategy=one, threads=64, repeats=10
mean=42218.180000 stddev=6363.745934


[qps samples]
     1	14831.2
     2	15503.6
     3	19305.5
     4	17414.4
     5	12319.6
     6	15944.3
     7	19312.6
     8	13946
     9	22505.5
    10	16960.9

[summary] strategy=one, threads=256, repeats=10
mean=16804.360000 stddev=2982.447809

