Writing raw outputs to: log/qps_raw_20260114_172339.log
epsilon=65536

[qps samples]
     1	949.489
     2	928.657
     3	975.605
     4	889.528
     5	937.254
     6	875.663
     7	977.725
     8	819.53
     9	890.354
    10	964.233

[summary] strategy=all, threads=1, repeats=10
mean=920.803800 stddev=51.081474


[qps samples]
     1	2782.62
     2	2835.96
     3	2839.53
     4	2869.23
     5	2969.62
     6	3043.66
     7	2938.61
     8	2907.7
     9	3026.3
    10	2923.82

[summary] strategy=all, threads=4, repeats=10
mean=2913.705000 stddev=84.431809


[qps samples]
     1	4478.17
     2	4417.58
     3	4514.28
     4	4466.98
     5	3710.77
     6	3710.36
     7	3760.57
     8	3870.19
     9	4410.65
    10	4411.17

[summary] strategy=all, threads=16, repeats=10
mean=4175.072000 stddev=358.777038


[qps samples]
     1	4267.51
     2	4332.01
     3	4359.45
     4	4292.99
     5	4268.73
     6	4317
     7	4318.95
     8	4360.54
     9	4292
    10	4379.19

[summary] strategy=all, threads=64, repeats=10
mean=4318.837000 stddev=39.074601


[qps samples]
     1	3926.59
     2	3949.55
     3	3945.57
     4	3877.27
     5	3774.03
     6	3986.01
     7	3809.27
     8	3710.23
     9	3695.34
    10	3846.18

[summary] strategy=all, threads=256, repeats=10
mean=3852.004000 stddev=102.746940


[qps samples]
     1	472.396
     2	480.863
     3	476.61
     4	474.328
     5	476.419
     6	475.39
     7	434.074
     8	463.851
     9	476.56
    10	469.922

[summary] strategy=one, threads=1, repeats=10
mean=470.041300 stddev=13.449226


[qps samples]
     1	572.785
     2	549.78
     3	570.438
     4	574.632
     5	558.911
     6	571.749
     7	567.714
     8	565.554
     9	556.015
    10	559.169

[summary] strategy=one, threads=4, repeats=10
mean=564.674700 stddev=8.290370


[qps samples]
     1	1665.29
     2	1666.49
     3	1455.29
     4	1239.8
     5	1681.16
     6	1684.96
     7	1283.81
     8	1655.83
     9	1659.91
    10	1668.84

[summary] strategy=one, threads=16, repeats=10
mean=1566.138000 stddev=174.205748


[qps samples]
     1	3378.79
     2	3401.4
     3	3382.71
     4	3345.31
     5	3325.36
     6	3339.24
     7	3402.51
     8	3421.19
     9	3397.67
    10	3353.71

[summary] strategy=one, threads=64, repeats=10
mean=3374.789000 stddev=32.062847


[qps samples]
     1	4288.3
     2	4448.11
     3	4139.63
     4	4517.37
     5	4241.59
     6	4489
     7	2585.83
     8	4454.82
     9	2574.25
    10	4431.21

[summary] strategy=one, threads=256, repeats=10
mean=4017.011000 stddev=766.748101

