Writing raw outputs to: log/qps_raw_20260114_181234.log
epsilon=64

[qps samples]
     1	16140.6
     2	16163.6
     3	15608.2
     4	15218.7
     5	15189.5
     6	16005.8
     7	15793.5
     8	15962.2
     9	16068.7
    10	15048.3

[summary] strategy=all, threads=1, repeats=10
mean=15719.910000 stddev=426.540832


[qps samples]
     1	45780.5
     2	45693.9
     3	45524.2
     4	45995
     5	46101.3
     6	45472.9
     7	46075.8
     8	46576
     9	45716.9
    10	46902.9

[summary] strategy=all, threads=4, repeats=10
mean=45983.940000 stddev=457.857404


[qps samples]
     1	84211.3
     2	81088.2
     3	76509.1
     4	81766.9
     5	78293.3
     6	80100.4
     7	80229.7
     8	76837.2
     9	80184.9
    10	80910.1

[summary] strategy=all, threads=16, repeats=10
mean=80013.110000 stddev=2311.018718


[qps samples]
     1	47487
     2	40083.1
     3	40737.7
     4	46360
     5	43942
     6	59853.7
     7	52586.4
     8	37153.3
     9	46747.8
    10	37875.5

[summary] strategy=all, threads=64, repeats=10
mean=45282.650000 stddev=7025.890250


[qps samples]
     1	18685.6
     2	21512.9
     3	20078.1
     4	19138.5
     5	24032.1
     6	15713
     7	21524.4
     8	14538.7
     9	20714.3
    10	21170.6

[summary] strategy=all, threads=256, repeats=10
mean=19710.820000 stddev=2840.087366


[qps samples]
     1	15150.3
     2	15164.8
     3	15902.9
     4	15158.3
     5	15241.9
     6	16213.4
     7	15878
     8	16294.8
     9	16171
    10	16275.1

[summary] strategy=one, threads=1, repeats=10
mean=15745.050000 stddev=507.106018


[qps samples]
     1	47223.3
     2	46879.7
     3	46985
     4	46357.4
     5	45622
     6	45263.1
     7	47075.8
     8	47300
     9	45309.5
    10	46639.8

[summary] strategy=one, threads=4, repeats=10
mean=46465.560000 stddev=790.233379


[qps samples]
     1	78743.4
     2	78798.1
     3	78252.9
     4	81646.9
     5	78389.2
     6	75676.5
     7	77313.5
     8	80268.5
     9	75244.7
    10	82303.5

[summary] strategy=one, threads=16, repeats=10
mean=78663.720000 stddev=2295.587471


[qps samples]
     1	35374
     2	33787.2
     3	56581
     4	54049.8
     5	46156.8
     6	32471
     7	46594.9
     8	40296.1
     9	56655.3
    10	34790.3

[summary] strategy=one, threads=64, repeats=10
mean=43675.640000 stddev=9660.540055


[qps samples]
     1	26118.8
     2	22155.9
     3	18135.6
     4	26144.6
     5	20810.7
     6	16779.5
     7	17528.5
     8	17391.2
     9	20035.5
    10	29055.6

[summary] strategy=one, threads=256, repeats=10
mean=21415.590000 stddev=4336.267216

