Writing raw outputs to: log/qps_raw_20260115_234538.log


[qps samples]
     1	15673.1
     2	14985.2
     3	15730.8
     4	14408.4
     5	16066.8
     6	16021.1
     7	14879.7
     8	14782.6
     9	16174.4
    10	15819.2

[summary] strategy=all, threads=1, repeats=10
mean=15454.130000 stddev=629.616072


[qps samples]
     1	45954.5
     2	45051.1
     3	44825.8
     4	45712.1
     5	47126.3
     6	45493.9
     7	46957.5
     8	46369.9
     9	46784.4
    10	45959.9

[summary] strategy=all, threads=4, repeats=10
mean=46023.540000 stddev=785.548975


[qps samples]
     1	79662.6
     2	80148.4
     3	81110.2
     4	79850.8
     5	79997
     6	81630.5
     7	79521.4
     8	80150.7
     9	82007.5
    10	77859.2

[summary] strategy=all, threads=16, repeats=10
mean=80193.830000 stddev=1180.317937


[qps samples]
     1	33439.1
     2	30270.7
     3	41112.5
     4	45419.9
     5	48987
     6	45344.5
     7	44555.2
     8	31623.9
     9	47474.8
    10	37546.6

[summary] strategy=all, threads=64, repeats=10
mean=40577.420000 stddev=6888.912792


[qps samples]
     1	14686.7
     2	19113.3
     3	22971.8
     4	24584.9
     5	17949.9
     6	21803.8
     7	22050.2
     8	18701.3
     9	19242.7
    10	15754.8

[summary] strategy=all, threads=256, repeats=10
mean=19685.940000 stddev=3159.214612


[qps samples]
     1	16439.8
     2	15786.6
     3	15367.5
     4	16387.5
     5	15188.1
     6	15186.3
     7	16276.7
     8	15376.3
     9	15094
    10	16435.9

[summary] strategy=one, threads=1, repeats=10
mean=15753.870000 stddev=575.526331


[qps samples]
     1	46040.3
     2	47345.1
     3	46968.3
     4	46530.3
     5	44629.6
     6	46257
     7	47469.3
     8	47085.1
     9	46134
    10	46615.9

[summary] strategy=one, threads=4, repeats=10
mean=46507.490000 stddev=825.422353


[qps samples]
     1	83327.7
     2	80128.1
     3	79466.8
     4	75298.1
     5	81469.6
     6	78959
     7	80986
     8	78234.6
     9	79220.2
    10	78806.3

[summary] strategy=one, threads=16, repeats=10
mean=79589.640000 stddev=2138.625091


[qps samples]
     1	42654.7
     2	45348.4
     3	45777.5
     4	51182.1
     5	49995.3
     6	38077.6
     7	37575.2
     8	47974.9
     9	50232.6
    10	47626.9

[summary] strategy=one, threads=64, repeats=10
mean=45644.520000 stddev=4846.781937


[qps samples]
     1	18489.3
     2	24668.7
     3	19034
     4	19202.3
     5	32058.6
     6	20168.1
     7	20397.4
     8	16185.6
     9	21998.9
    10	17518.4

[summary] strategy=one, threads=256, repeats=10
mean=20972.130000 stddev=4552.138613

