Writing raw outputs to: log/qps_raw_20260114_180224.log
epsilon=16

[qps samples]
     1	15554.1
     2	16246.4
     3	16371
     4	14894.2
     5	15644.9
     6	16960
     7	15684.9
     8	13704
     9	15588.5
    10	15832.7

[summary] strategy=all, threads=1, repeats=10
mean=15648.070000 stddev=881.750073


[qps samples]
     1	46869.2
     2	46480.4
     3	47885.7
     4	47687.1
     5	47614.1
     6	47777.1
     7	47867.9
     8	47359.3
     9	47491.6
    10	45632

[summary] strategy=all, threads=4, repeats=10
mean=47266.440000 stddev=731.072701


[qps samples]
     1	82346.6
     2	80731.6
     3	79996.6
     4	82791.5
     5	80939.1
     6	77384.7
     7	77795.4
     8	81367.7
     9	83164.6
    10	81475.2

[summary] strategy=all, threads=16, repeats=10
mean=80799.300000 stddev=1946.190712


[qps samples]
     1	50686.2
     2	51942.7
     3	55133.9
     4	55282.9
     5	44832
     6	38439.5
     7	42841.4
     8	45188.5
     9	44364.6
    10	46406.9

[summary] strategy=all, threads=64, repeats=10
mean=47511.860000 stddev=5537.950684


[qps samples]
     1	18693.8
     2	18687
     3	25154
     4	19049.5
     5	16237.9
     6	19138.5
     7	20502.5
     8	20188.8
     9	26373.2
    10	18033.8

[summary] strategy=all, threads=256, repeats=10
mean=20205.900000 stddev=3164.748483


[qps samples]
     1	15443.6
     2	16745.8
     3	16692.2
     4	16724.2
     5	16881.9
     6	16944.4
     7	16910.5
     8	16665.4
     9	16845.7
    10	16869.4

[summary] strategy=one, threads=1, repeats=10
mean=16672.310000 stddev=442.451372


[qps samples]
     1	47487.6
     2	47840.5
     3	46835.5
     4	48118.8
     5	46612.6
     6	47200.8
     7	48196.3
     8	47449
     9	46483.6
    10	46596.2

[summary] strategy=one, threads=4, repeats=10
mean=47282.090000 stddev=639.450937


[qps samples]
     1	82536.9
     2	78921
     3	80448.7
     4	77125.3
     5	81159.5
     6	79606.4
     7	79116.3
     8	79432.2
     9	82160.1
    10	77130.1

[summary] strategy=one, threads=16, repeats=10
mean=79763.650000 stddev=1856.273535


[qps samples]
     1	54160
     2	43698.2
     3	44011
     4	56839.9
     5	34715.1
     6	44156.6
     7	45850.8
     8	33866.3
     9	37173.3
    10	51380.3

[summary] strategy=one, threads=64, repeats=10
mean=44585.150000 stddev=7875.275797


[qps samples]
     1	23809
     2	15995.1
     3	20115.3
     4	17869.1
     5	19906.3
     6	16471
     7	25484
     8	15713.2
     9	18012.4
    10	17651.5

[summary] strategy=one, threads=256, repeats=10
mean=19102.690000 stddev=3290.214760

