Writing raw outputs to: log/qps_raw_20260114_171348.log
epsilon=4096

[qps samples]
     1	6044.6
     2	6226.49
     3	6286.41
     4	6201.5
     5	4579.14
     6	5806.95
     7	5135.14
     8	6211.38
     9	6254.97
    10	6043.51

[summary] strategy=all, threads=1, repeats=10
mean=5879.009000 stddev=572.053823


[qps samples]
     1	17151.8
     2	16207.6
     3	20526.9
     4	20194.1
     5	20390.8
     6	20458.4
     7	19006.7
     8	20505.2
     9	20354
    10	20078.4

[summary] strategy=all, threads=4, repeats=10
mean=19487.390000 stddev=1560.567525


[qps samples]
     1	22885.2
     2	22357.9
     3	22479.4
     4	21230.2
     5	23193.2
     6	23070.2
     7	23035.3
     8	23104.2
     9	23254.3
    10	22297

[summary] strategy=all, threads=16, repeats=10
mean=22690.690000 stddev=622.289374


[qps samples]
     1	24359.1
     2	21229.5
     3	23848.3
     4	24707.1
     5	22952.6
     6	25088
     7	18781.4
     8	25004.8
     9	22404.8
    10	25714.5

[summary] strategy=all, threads=64, repeats=10
mean=23409.010000 stddev=2130.292302


[qps samples]
     1	15851.3
     2	17777.5
     3	15318.1
     4	14094.3
     5	13395.7
     6	14902.4
     7	18605.8
     8	15841.9
     9	17922.2
    10	14758.5

[summary] strategy=all, threads=256, repeats=10
mean=15846.770000 stddev=1734.678078


[qps samples]
     1	3432.66
     2	3094.25
     3	3130.12
     4	3017.62
     5	3443.03
     6	3333.98
     7	3341.93
     8	3304.01
     9	3428.67
    10	3333.6

[summary] strategy=one, threads=1, repeats=10
mean=3285.987000 stddev=151.890725


[qps samples]
     1	9319.07
     2	9450.16
     3	9493.27
     4	9154.06
     5	9448.95
     6	9197.73
     7	9275.8
     8	9420.2
     9	9205.52
    10	9066.69

[summary] strategy=one, threads=4, repeats=10
mean=9303.145000 stddev=146.250743


[qps samples]
     1	22649.5
     2	22609.7
     3	22859.3
     4	22730.8
     5	22673.7
     6	22496.5
     7	22658.1
     8	20699.7
     9	20930.1
    10	22715.3

[summary] strategy=one, threads=16, repeats=10
mean=22302.270000 stddev=791.129831


[qps samples]
     1	22919.5
     2	24576.4
     3	29889.3
     4	28342.5
     5	22351
     6	25834.6
     7	27974.3
     8	27920.2
     9	26047.4
    10	29288.1

[summary] strategy=one, threads=64, repeats=10
mean=26514.330000 stddev=2608.238220


[qps samples]
     1	15826.3
     2	15060.1
     3	11844.6
     4	14125.8
     5	14276.1
     6	17160.4
     7	15647.5
     8	12853.4
     9	15625.2
    10	19445.4

[summary] strategy=one, threads=256, repeats=10
mean=15186.480000 stddev=2145.547689

