Writing raw outputs to: log/qps_raw_20260115_230611.log
epsilon=4096

[qps samples]
     1	5954.02
     2	3219.13
     3	5932.1
     4	5058.6
     5	6168.8
     6	6243.33
     7	6206.05
     8	6011.09
     9	5986.24
    10	6223.51

[summary] strategy=all, threads=1, repeats=10
mean=5700.287000 stddev=937.392734


[qps samples]
     1	20574.2
     2	20758.9
     3	20840.2
     4	20146.6
     5	20565.9
     6	20450.7
     7	20336.5
     8	20419.8
     9	20476.3
    10	20304.2

[summary] strategy=all, threads=4, repeats=10
mean=20487.330000 stddev=208.271746


[qps samples]
     1	22084.1
     2	21508
     3	22504.6
     4	22585.4
     5	22401.1
     6	22703.8
     7	22925.6
     8	22734.4
     9	22787.4
    10	22194.7

[summary] strategy=all, threads=16, repeats=10
mean=22442.910000 stddev=420.972376


[qps samples]
     1	23976.2
     2	22364.7
     3	19188.6
     4	22292.8
     5	24151.9
     6	24208.8
     7	25265.9
     8	23464.7
     9	24790.8
    10	20788.8

[summary] strategy=all, threads=64, repeats=10
mean=23049.320000 stddev=1903.033827


[qps samples]
     1	13645.1
     2	16210.5
     3	17280.1
     4	13059.4
     5	17900.4
     6	17086.1
     7	14744.4
     8	13223.5
     9	15150.3
    10	15535.9

[summary] strategy=all, threads=256, repeats=10
mean=15383.570000 stddev=1734.928275


[qps samples]
     1	3509.07
     2	3253.21
     3	3400.44
     4	3257.37
     5	3505.78
     6	3348.4
     7	3554.61
     8	3288.56
     9	3572.15
    10	3570.56

[summary] strategy=one, threads=1, repeats=10
mean=3426.015000 stddev=131.622654


[qps samples]
     1	9472.45
     2	9536.25
     3	9300.54
     4	9261.92
     5	9302.83
     6	9638.9
     7	9549.04
     8	9537.62
     9	9573.89
    10	9494.24

[summary] strategy=one, threads=4, repeats=10
mean=9466.768000 stddev=131.224193


[qps samples]
     1	22578.1
     2	22783.4
     3	22620.2
     4	22652.9
     5	22613.2
     6	22674.9
     7	22643.9
     8	22599.7
     9	22757.6
    10	22665.1

[summary] strategy=one, threads=16, repeats=10
mean=22658.900000 stddev=66.178916


[qps samples]
     1	26603.6
     2	19326.4
     3	27690
     4	25898.9
     5	29462.8
     6	19106.1
     7	30263.8
     8	28946.8
     9	24834.2
    10	27239.7

[summary] strategy=one, threads=64, repeats=10
mean=25937.230000 stddev=3901.632107


[qps samples]
     1	17131.4
     2	16240.6
     3	17049.8
     4	19024.1
     5	13527.2
     6	18594.9
     7	13232.1
     8	13811.9
     9	17425.3
    10	18030.6

[summary] strategy=one, threads=256, repeats=10
mean=16406.790000 stddev=2144.308965

