Writing raw outputs to: log/qps_raw_20260114_191053.log
epsilon=256

[qps samples]
     1	14807.4
     2	13993.5
     3	13839.2
     4	14089.8
     5	14834.3
     6	14720.7
     7	14002.9
     8	14613.5
     9	14298.1
    10	13664.2

[summary] strategy=all, threads=1, repeats=10
mean=14286.360000 stddev=429.381737


[qps samples]
     1	43952
     2	44175.4
     3	43421.4
     4	43252.5
     5	44154.7
     6	42251
     7	43290.2
     8	43560.6
     9	44326.5
    10	44926.5

[summary] strategy=all, threads=4, repeats=10
mean=43731.080000 stddev=741.488720


[qps samples]
     1	79590.5
     2	80523.5
     3	80079.1
     4	79769.5
     5	75571.7
     6	76977.9
     7	77886.8
     8	78992.5
     9	79355.6
    10	77897.4

[summary] strategy=all, threads=16, repeats=10
mean=78664.450000 stddev=1553.632641


[qps samples]
     1	43136.9
     2	44981.4
     3	36115
     4	34859.6
     5	41454.3
     6	33228.1
     7	38292.3
     8	37023.4
     9	46689.1
    10	48301.5

[summary] strategy=all, threads=64, repeats=10
mean=40408.160000 stddev=5248.433045


[qps samples]
     1	19647.4
     2	19508.2
     3	15556.8
     4	28019
     5	14909.5
     6	17743.8
     7	20446.3
     8	16117.8
     9	18531.4
    10	17656.2

[summary] strategy=all, threads=256, repeats=10
mean=18813.640000 stddev=3715.770510


[qps samples]
     1	12484.5
     2	13037
     3	14064
     4	13054.2
     5	13151.9
     6	13942.8
     7	13106.9
     8	13019.9
     9	13744.9
    10	13341.7

[summary] strategy=one, threads=1, repeats=10
mean=13294.780000 stddev=486.323438


[qps samples]
     1	41499.1
     2	41012.7
     3	40519.7
     4	41589.4
     5	41341.8
     6	40446.3
     7	40416.6
     8	40861.9
     9	40649
    10	41493.1

[summary] strategy=one, threads=4, repeats=10
mean=40982.960000 stddev=468.285958


[qps samples]
     1	74413.9
     2	74049.5
     3	75556.9
     4	75957.7
     5	74885.8
     6	75076.7
     7	75199.3
     8	73018.2
     9	74513.5
    10	72480.4

[summary] strategy=one, threads=16, repeats=10
mean=74515.190000 stddev=1090.113433


[qps samples]
     1	39990.6
     2	44814.4
     3	46663.6
     4	42345.3
     5	31572.1
     6	47081.3
     7	45623.5
     8	45515.3
     9	39769.1
    10	31940.1

[summary] strategy=one, threads=64, repeats=10
mean=41531.530000 stddev=5752.860048


[qps samples]
     1	16291.8
     2	15529.2
     3	14745.7
     4	19331.3
     5	16455.6
     6	19312
     7	18924
     8	21943.4
     9	14329.7
    10	21139.4

[summary] strategy=one, threads=256, repeats=10
mean=17800.210000 stddev=2683.780439

